<?xml version="1.0" encoding="utf-8"?><testsuites name="pytest tests"><testsuite name="pytest" errors="0" failures="0" skipped="0" tests="11" time="5.092" timestamp="2026-01-19T19:21:56.728320+00:00" hostname="agent-env-46cabe9b-8ea8-4d44-808a-6d8b94d9126a"><testcase classname="tests.test_blvx_new_features.TestTrendingEndpoint" name="test_trending_requires_auth" time="0.068" /><testcase classname="tests.test_blvx_new_features.TestTrendingEndpoint" name="test_trending_returns_data" time="0.368" /><testcase classname="tests.test_blvx_new_features.TestLinkPreviewEndpoint" name="test_link_preview_requires_auth" time="0.037" /><testcase classname="tests.test_blvx_new_features.TestLinkPreviewEndpoint" name="test_link_preview_returns_data" time="0.361" /><testcase classname="tests.test_blvx_new_features.TestLinkPreviewEndpoint" name="test_link_preview_known_domain_has_image" time="0.036" /><testcase classname="tests.test_blvx_new_features.TestSparkWithReferenceUrl" name="test_spark_drop_includes_reference_url" time="3.192" /><testcase classname="tests.test_blvx_new_features.TestSparkWithReferenceUrl" name="test_spark_categories_have_reference_urls" time="0.050" /><testcase classname="tests.test_blvx_new_features.TestStoopEndpoints" name="test_stoop_live_is_public" time="0.036" /><testcase classname="tests.test_blvx_new_features.TestStoopEndpoints" name="test_stoop_live_with_auth" time="0.373" /><testcase classname="tests.test_blvx_new_features.TestStoopEndpoints" name="test_stoop_create_and_join" time="0.122" /><testcase classname="tests.test_blvx_new_features.TestPostWithReferenceUrl" name="test_create_post_with_reference_url" time="0.387" /></testsuite></testsuites>