<?xml version="1.0" encoding="utf-8"?><testsuites name="pytest tests"><testsuite name="pytest" errors="0" failures="0" skipped="0" tests="11" time="0.535" timestamp="2026-01-22T22:49:09.701679+00:00" hostname="agent-env-de360e57-67c0-412b-880b-b5f7300f80d9"><testcase classname="backend.tests.test_branding_launch.TestHealthAndBasics" name="test_api_health" time="0.056" /><testcase classname="backend.tests.test_branding_launch.TestSeedStarterPosts" name="test_seed_endpoint_exists" time="0.045" /><testcase classname="backend.tests.test_branding_launch.TestSeedStarterPosts" name="test_seed_returns_false_when_posts_exist" time="0.076" /><testcase classname="backend.tests.test_branding_launch.TestStaticAssets" name="test_manifest_json_accessible" time="0.041" /><testcase classname="backend.tests.test_branding_launch.TestStaticAssets" name="test_manifest_has_correct_icons" time="0.035" /><testcase classname="backend.tests.test_branding_launch.TestStaticAssets" name="test_index_html_has_og_tags" time="0.037" /><testcase classname="backend.tests.test_branding_launch.TestStaticAssets" name="test_index_html_has_twitter_cards" time="0.034" /><testcase classname="backend.tests.test_branding_launch.TestStaticAssets" name="test_index_html_has_manifest_link" time="0.035" /><testcase classname="backend.tests.test_branding_launch.TestStaticAssets" name="test_logo_asset_accessible" time="0.038" /><testcase classname="backend.tests.test_branding_launch.TestFeedEndpoint" name="test_feed_requires_auth" time="0.039" /><testcase classname="backend.tests.test_branding_launch.TestFeedEndpoint" name="test_posts_count_via_seed" time="0.041" /></testsuite></testsuites>