<?xml version="1.0" encoding="utf-8"?><testsuites name="pytest tests"><testsuite name="pytest" errors="0" failures="0" skipped="0" tests="15" time="2.371" timestamp="2026-01-20T02:18:52.224959+00:00" hostname="agent-env-30b3e541-cbb1-40ed-bfd5-ce0e86d557c7"><testcase classname="tests.test_stoop_livekit.TestStoopLiveKit" name="test_get_live_stoops_unauthenticated" time="0.084" /><testcase classname="tests.test_stoop_livekit.TestStoopLiveKit" name="test_create_stoop_requires_auth" time="0.037" /><testcase classname="tests.test_stoop_livekit.TestStoopLiveKit" name="test_create_stoop_authenticated" time="0.156" /><testcase classname="tests.test_stoop_livekit.TestStoopLiveKit" name="test_get_stoop_by_id" time="0.153" /><testcase classname="tests.test_stoop_livekit.TestStoopLiveKit" name="test_get_nonexistent_stoop" time="0.041" /><testcase classname="tests.test_stoop_livekit.TestStoopLiveKit" name="test_join_stoop" time="0.149" /><testcase classname="tests.test_stoop_livekit.TestStoopLiveKit" name="test_leave_stoop" time="0.209" /><testcase classname="tests.test_stoop_livekit.TestStoopLiveKit" name="test_end_stoop" time="0.138" /><testcase classname="tests.test_stoop_livekit.TestStoopLiveKit" name="test_livekit_token_requires_auth" time="0.034" /><testcase classname="tests.test_stoop_livekit.TestStoopLiveKit" name="test_livekit_token_for_nonexistent_stoop" time="0.081" /><testcase classname="tests.test_stoop_livekit.TestStoopLiveKit" name="test_livekit_token_generation" time="0.227" /><testcase classname="tests.test_stoop_livekit.TestStoopLiveKit" name="test_livekit_token_for_listener" time="0.327" /><testcase classname="tests.test_stoop_livekit.TestStoopLiveKit" name="test_livekit_token_for_ended_stoop" time="0.126" /><testcase classname="tests.test_stoop_livekit.TestStoopLiveKit" name="test_pass_aux_requires_host" time="0.232" /><testcase classname="tests.test_stoop_livekit.TestStoopIntegration" name="test_full_stoop_workflow" time="0.290" /></testsuite></testsuites>