<?xml version="1.0" encoding="utf-8"?><testsuites name="pytest tests"><testsuite name="pytest" errors="0" failures="0" skipped="0" tests="18" time="5.782" timestamp="2026-01-19T19:52:33.749602+00:00" hostname="agent-env-46cabe9b-8ea8-4d44-808a-6d8b94d9126a"><testcase classname="tests.test_blvx_iteration6.TestLinkPreviewAPI" name="test_link_preview_requires_auth" time="0.057" /><testcase classname="tests.test_blvx_iteration6.TestLinkPreviewAPI" name="test_link_preview_google_search_url" time="0.121" /><testcase classname="tests.test_blvx_iteration6.TestLinkPreviewAPI" name="test_link_preview_returns_structure" time="0.123" /><testcase classname="tests.test_blvx_iteration6.TestLinkPreviewAPI" name="test_link_preview_known_domain_fallback" time="1.039" /><testcase classname="tests.test_blvx_iteration6.TestLookoutAPI" name="test_create_alert_requires_auth" time="0.036" /><testcase classname="tests.test_blvx_iteration6.TestLookoutAPI" name="test_create_alert_success" time="0.011" /><testcase classname="tests.test_blvx_iteration6.TestLookoutAPI" name="test_create_alert_all_types" time="0.178" /><testcase classname="tests.test_blvx_iteration6.TestLookoutAPI" name="test_create_alert_invalid_type" time="0.011" /><testcase classname="tests.test_blvx_iteration6.TestLookoutAPI" name="test_get_alerts_list" time="0.014" /><testcase classname="tests.test_blvx_iteration6.TestLookoutAPI" name="test_get_alerts_filter_by_status" time="0.012" /><testcase classname="tests.test_blvx_iteration6.TestLookoutAPI" name="test_get_active_verified_alerts" time="0.051" /><testcase classname="tests.test_blvx_iteration6.TestLookoutAPI" name="test_vouch_alert" time="0.021" /><testcase classname="tests.test_blvx_iteration6.TestLookoutAPI" name="test_cap_alert" time="0.110" /><testcase classname="tests.test_blvx_iteration6.TestLookoutAPI" name="test_vouch_nonexistent_alert" time="0.052" /><testcase classname="tests.test_blvx_iteration6.TestLookoutAPI" name="test_delete_own_alert" time="0.065" /><testcase classname="tests.test_blvx_iteration6.TestSparkGoogleSearchURLs" name="test_spark_categories_exist" time="0.008" /><testcase classname="tests.test_blvx_iteration6.TestSparkGoogleSearchURLs" name="test_spark_drop_creates_post_with_reference_url" time="3.787" /><testcase classname="tests.test_blvx_iteration6.TestHealthCheck" name="test_health_endpoint" time="0.007" /></testsuite></testsuites>