<?xml version="1.0" encoding="utf-8"?><testsuites name="pytest tests"><testsuite name="pytest" errors="0" failures="1" skipped="0" tests="23" time="7.723" timestamp="2026-01-19T18:46:02.075126+00:00" hostname="agent-env-46cabe9b-8ea8-4d44-808a-6d8b94d9126a"><testcase classname="tests.test_blvx_backend.TestHealthAndBasics" name="test_health_endpoint" time="0.100" /><testcase classname="tests.test_blvx_backend.TestHealthAndBasics" name="test_spark_categories_endpoint" time="0.040" /><testcase classname="tests.test_blvx_backend.TestAuthentication" name="test_login_with_valid_credentials" time="0.065" /><testcase classname="tests.test_blvx_backend.TestAuthentication" name="test_login_with_invalid_credentials" time="0.039" /><testcase classname="tests.test_blvx_backend.TestAuthentication" name="test_signup_validation" time="0.036" /><testcase classname="tests.test_blvx_backend.TestSparkFeature" name="test_spark_drop_endpoint_requires_auth" time="0.038" /><testcase classname="tests.test_blvx_backend.TestSparkFeature" name="test_spark_categories_structure" time="0.040" /><testcase classname="tests.test_blvx_backend.TestPostsAPI" name="test_feed_requires_auth" time="0.040" /><testcase classname="tests.test_blvx_backend.TestPostsAPI" name="test_explore_feed_requires_auth" time="0.040" /><testcase classname="tests.test_blvx_backend.TestPostsAPI" name="test_create_post_requires_auth" time="0.044" /><testcase classname="tests.test_blvx_backend.TestPostsAPI" name="test_post_model_supports_media" time="0.036" /><testcase classname="tests.test_blvx_backend.TestUsersAPI" name="test_user_search" time="0.038" /><testcase classname="tests.test_blvx_backend.TestUsersAPI" name="test_profile_by_username" time="0.039" /><testcase classname="tests.test_blvx_backend.TestBonitaAI" name="test_bonita_requires_auth" time="0.035" /><testcase classname="tests.test_blvx_backend.TestNotifications" name="test_notifications_require_auth" time="0.037" /><testcase classname="tests.test_blvx_backend.TestNotifications" name="test_unread_count_requires_auth" time="0.034" /><testcase classname="tests.test_blvx_backend.TestVouchSystem" name="test_plate_creation_requires_auth" time="0.038" /><testcase classname="tests.test_blvx_backend.TestGCGroupChat" name="test_gc_list_requires_auth" time="0.038" /><testcase classname="tests.test_blvx_backend.TestStoopLiveAudio" name="test_stoop_list_requires_auth" time="0.077"><failure message="assert 404 == 401&#10; +  where 404 = &lt;Response [404]&gt;.status_code">tests/test_blvx_backend.py:247: in test_stoop_list_requires_auth
    assert response.status_code == 401
E   assert 404 == 401
E    +  where 404 = &lt;Response [404]&gt;.status_code</failure></testcase><testcase classname="tests.test_blvx_backend.TestAuthenticatedFlows" name="test_auth_me_with_session" time="0.403" /><testcase classname="tests.test_blvx_backend.TestAuthenticatedFlows" name="test_feed_with_auth" time="0.038" /><testcase classname="tests.test_blvx_backend.TestAuthenticatedFlows" name="test_spark_drop_with_auth" time="6.228" /><testcase classname="tests.test_blvx_backend.TestAuthenticatedFlows" name="test_create_post_with_media" time="0.058" /></testsuite></testsuites>