<?xml version="1.0" encoding="utf-8"?><testsuites name="pytest tests"><testsuite name="pytest" errors="0" failures="2" skipped="0" tests="11" time="39.894" timestamp="2026-01-20T07:09:41.472644+00:00" hostname="agent-env-98b59bf8-9ddf-438e-aadb-6b79ea25224e"><testcase classname="tests.test_bonita_sidebar.TestBonitaSidebarChat" name="test_bonita_ai_user_exists" time="0.143"><failure message="assert 520 == 200&#10; +  where 520 = &lt;Response [520]&gt;.status_code">tests/test_bonita_sidebar.py:48: in test_bonita_ai_user_exists
    assert response.status_code == 200
E   assert 520 == 200
E    +  where 520 = &lt;Response [520]&gt;.status_code</failure></testcase><testcase classname="tests.test_bonita_sidebar.TestBonitaSidebarChat" name="test_bonita_avatar_url_correct" time="0.070"><failure message="assert 520 == 200&#10; +  where 520 = &lt;Response [520]&gt;.status_code">tests/test_bonita_sidebar.py:62: in test_bonita_avatar_url_correct
    assert response.status_code == 200
E   assert 520 == 200
E    +  where 520 = &lt;Response [520]&gt;.status_code</failure></testcase><testcase classname="tests.test_bonita_sidebar.TestBonitaSidebarChat" name="test_create_sidebar_with_bonita" time="0.077" /><testcase classname="tests.test_bonita_sidebar.TestBonitaSidebarChat" name="test_get_sidebar_shows_bonita_info" time="0.077" /><testcase classname="tests.test_bonita_sidebar.TestBonitaSidebarChat" name="test_send_message_to_bonita" time="0.088" /><testcase classname="tests.test_bonita_sidebar.TestBonitaSidebarChat" name="test_bonita_responds_to_message" time="8.208" /><testcase classname="tests.test_bonita_sidebar.TestBonitaSidebarChat" name="test_bonita_response_has_correct_styling_data" time="5.157" /><testcase classname="tests.test_bonita_sidebar.TestBonitaSidebarChat" name="test_multi_turn_conversation" time="10.880" /><testcase classname="tests.test_bonita_sidebar.TestBonitaSidebarChat" name="test_sidebar_list_shows_bonita" time="0.090" /><testcase classname="tests.test_bonita_sidebar.TestBonitaAvatarDisplay" name="test_bonita_avatar_in_sidebar_messages" time="5.181" /><testcase classname="tests.test_bonita_sidebar.TestSidebarPolling" name="test_messages_endpoint_returns_new_messages" time="9.801" /></testsuite></testsuites>