<?xml version="1.0" encoding="utf-8"?><testsuites name="pytest tests"><testsuite name="pytest" errors="0" failures="0" skipped="0" tests="23" time="10.440" timestamp="2026-01-19T22:30:27.631987+00:00" hostname="agent-env-0a0cd84c-01ff-49d9-9f18-4479ef67795b"><testcase classname="tests.test_blvx_iteration8.TestHealthCheck" name="test_health_check_returns_200" time="0.072" /><testcase classname="tests.test_blvx_iteration8.TestHealthCheck" name="test_health_check_shows_cloudinary_enabled" time="0.040" /><testcase classname="tests.test_blvx_iteration8.TestCloudinaryUpload" name="test_upload_requires_auth" time="0.040" /><testcase classname="tests.test_blvx_iteration8.TestCloudinaryUpload" name="test_upload_requires_file" time="0.124" /><testcase classname="tests.test_blvx_iteration8.TestCloudinaryUpload" name="test_upload_image_to_cloudinary" time="0.579" /><testcase classname="tests.test_blvx_iteration8.TestCultureCalendar" name="test_calendar_endpoint_exists" time="0.039" /><testcase classname="tests.test_blvx_iteration8.TestCultureCalendar" name="test_calendar_returns_event_structure" time="0.045" /><testcase classname="tests.test_blvx_iteration8.TestCultureCalendar" name="test_calendar_post_requires_auth" time="0.078" /><testcase classname="tests.test_blvx_iteration8.TestCultureCalendar" name="test_calendar_post_endpoint_exists" time="0.015" /><testcase classname="tests.test_blvx_iteration8.TestSparkCategories" name="test_spark_categories_endpoint" time="0.044" /><testcase classname="tests.test_blvx_iteration8.TestSparkCategories" name="test_spark_categories_include_politics" time="0.036" /><testcase classname="tests.test_blvx_iteration8.TestSparkCategories" name="test_spark_categories_include_finance" time="0.037" /><testcase classname="tests.test_blvx_iteration8.TestSparkCategories" name="test_spark_categories_all_expected" time="0.040" /><testcase classname="tests.test_blvx_iteration8.TestPushNotifications" name="test_vapid_key_endpoint_exists" time="0.037" /><testcase classname="tests.test_blvx_iteration8.TestPushNotifications" name="test_vapid_key_returns_public_key" time="0.036" /><testcase classname="tests.test_blvx_iteration8.TestPushNotifications" name="test_subscribe_requires_auth" time="0.039" /><testcase classname="tests.test_blvx_iteration8.TestPushNotifications" name="test_subscribe_endpoint_exists" time="0.028" /><testcase classname="tests.test_blvx_iteration8.TestPushNotifications" name="test_unsubscribe_requires_auth" time="0.038" /><testcase classname="tests.test_blvx_iteration8.TestPushNotifications" name="test_unsubscribe_endpoint_exists" time="0.013" /><testcase classname="tests.test_blvx_iteration8.TestPushNotifications" name="test_test_notification_requires_auth" time="0.039" /><testcase classname="tests.test_blvx_iteration8.TestPushNotifications" name="test_test_notification_endpoint_exists" time="0.102" /><testcase classname="tests.test_blvx_iteration8.TestSparkDropWithCategory" name="test_spark_drop_with_politics_category" time="4.708" /><testcase classname="tests.test_blvx_iteration8.TestSparkDropWithCategory" name="test_spark_drop_with_finance_category" time="4.137" /></testsuite></testsuites>