<?xml version="1.0" encoding="utf-8"?><testsuites name="pytest tests"><testsuite name="pytest" errors="0" failures="0" skipped="0" tests="13" time="2.310" timestamp="2026-01-23T00:46:29.688925+00:00" hostname="agent-env-de360e57-67c0-412b-880b-b5f7300f80d9"><testcase classname="backend.tests.test_apple_auth.TestAppleSignIn" name="test_apple_config_endpoint_returns_valid_config" time="0.107" /><testcase classname="backend.tests.test_apple_auth.TestAppleSignIn" name="test_apple_callback_endpoint_exists" time="0.040" /><testcase classname="backend.tests.test_apple_auth.TestAppleSignIn" name="test_apple_callback_requires_id_token" time="0.039" /><testcase classname="backend.tests.test_apple_auth.TestGoogleOAuth" name="test_google_session_endpoint_exists" time="0.040" /><testcase classname="backend.tests.test_apple_auth.TestGoogleOAuth" name="test_google_session_rejects_invalid_session_id" time="0.133" /><testcase classname="backend.tests.test_apple_auth.TestRememberMe" name="test_login_with_remember_me_true" time="0.420" /><testcase classname="backend.tests.test_apple_auth.TestRememberMe" name="test_login_with_remember_me_false" time="0.312" /><testcase classname="backend.tests.test_apple_auth.TestTokenBasedAuth" name="test_auth_me_with_bearer_token" time="0.248" /><testcase classname="backend.tests.test_apple_auth.TestTokenBasedAuth" name="test_auth_me_without_token_returns_401" time="0.038" /><testcase classname="backend.tests.test_apple_auth.TestTokenBasedAuth" name="test_auth_me_with_invalid_token_returns_401" time="0.035" /><testcase classname="backend.tests.test_apple_auth.TestTokenBasedAuth" name="test_protected_endpoint_with_bearer_token" time="0.280" /><testcase classname="backend.tests.test_apple_auth.TestSignupAndLogin" name="test_signup_returns_session_token" time="0.228" /><testcase classname="backend.tests.test_apple_auth.TestSignupAndLogin" name="test_login_returns_session_token" time="0.330" /></testsuite></testsuites>