<?xml version="1.0" encoding="utf-8"?><testsuites name="pytest tests"><testsuite name="pytest" errors="0" failures="1" skipped="0" tests="11" time="6.895" timestamp="2026-01-19T19:21:28.897154+00:00" hostname="agent-env-46cabe9b-8ea8-4d44-808a-6d8b94d9126a"><testcase classname="tests.test_blvx_new_features.TestTrendingEndpoint" name="test_trending_requires_auth" time="0.074" /><testcase classname="tests.test_blvx_new_features.TestTrendingEndpoint" name="test_trending_returns_data" time="0.374" /><testcase classname="tests.test_blvx_new_features.TestLinkPreviewEndpoint" name="test_link_preview_requires_auth" time="0.081" /><testcase classname="tests.test_blvx_new_features.TestLinkPreviewEndpoint" name="test_link_preview_returns_data" time="0.370" /><testcase classname="tests.test_blvx_new_features.TestLinkPreviewEndpoint" name="test_link_preview_known_domain_has_image" time="0.040" /><testcase classname="tests.test_blvx_new_features.TestSparkWithReferenceUrl" name="test_spark_drop_includes_reference_url" time="4.950" /><testcase classname="tests.test_blvx_new_features.TestSparkWithReferenceUrl" name="test_spark_categories_have_reference_urls" time="0.052" /><testcase classname="tests.test_blvx_new_features.TestStoopEndpoints" name="test_stoop_live_requires_auth" time="0.043"><failure message="assert 200 == 401&#10; +  where 200 = &lt;Response [200]&gt;.status_code">tests/test_blvx_new_features.py:234: in test_stoop_live_requires_auth
    assert response.status_code == 401
E   assert 200 == 401
E    +  where 200 = &lt;Response [200]&gt;.status_code</failure></testcase><testcase classname="tests.test_blvx_new_features.TestStoopEndpoints" name="test_stoop_live_with_auth" time="0.363" /><testcase classname="tests.test_blvx_new_features.TestStoopEndpoints" name="test_stoop_create_and_join" time="0.118" /><testcase classname="tests.test_blvx_new_features.TestPostWithReferenceUrl" name="test_create_post_with_reference_url" time="0.353" /></testsuite></testsuites>