<?xml version="1.0" encoding="utf-8"?><testsuites name="pytest tests"><testsuite name="pytest" errors="0" failures="0" skipped="0" tests="15" time="1.792" timestamp="2026-01-22T22:52:51.894934+00:00" hostname="agent-env-de360e57-67c0-412b-880b-b5f7300f80d9"><testcase classname="backend.tests.test_token_auth.TestBearerTokenAuth" name="test_auth_me_with_bearer_token" time="0.113" /><testcase classname="backend.tests.test_token_auth.TestBearerTokenAuth" name="test_auth_me_without_token_returns_401" time="0.038" /><testcase classname="backend.tests.test_token_auth.TestBearerTokenAuth" name="test_auth_me_with_invalid_token_returns_401" time="0.041" /><testcase classname="backend.tests.test_token_auth.TestBearerTokenAuth" name="test_posts_feed_with_bearer_token" time="0.046" /><testcase classname="backend.tests.test_token_auth.TestBearerTokenAuth" name="test_posts_feed_without_token_returns_401" time="0.041" /><testcase classname="backend.tests.test_token_auth.TestLoginReturnsSessionToken" name="test_login_returns_session_token" time="0.499" /><testcase classname="backend.tests.test_token_auth.TestSignupReturnsSessionToken" name="test_signup_returns_session_token" time="0.296" /><testcase classname="backend.tests.test_token_auth.TestVerifyEmailReturnsSessionToken" name="test_verify_email_returns_session_token" time="0.035" /><testcase classname="backend.tests.test_token_auth.TestGoogleOAuthReturnsSessionToken" name="test_session_endpoint_exists" time="0.037" /><testcase classname="backend.tests.test_token_auth.TestGoogleOAuthReturnsSessionToken" name="test_session_endpoint_with_invalid_session_id" time="0.127" /><testcase classname="backend.tests.test_token_auth.TestProtectedEndpointsWithBearerToken" name="test_notifications_endpoint" time="0.047" /><testcase classname="backend.tests.test_token_auth.TestProtectedEndpointsWithBearerToken" name="test_explore_feed_endpoint" time="0.045" /><testcase classname="backend.tests.test_token_auth.TestProtectedEndpointsWithBearerToken" name="test_user_profile_update" time="0.036" /><testcase classname="backend.tests.test_token_auth.TestProtectedEndpointsWithBearerToken" name="test_create_post_with_bearer_token" time="0.046" /><testcase classname="backend.tests.test_token_auth.TestCookieFallback" name="test_cookie_auth_still_works" time="0.285" /></testsuite></testsuites>