<?xml version="1.0" encoding="utf-8"?><testsuites name="pytest tests"><testsuite name="pytest" errors="0" failures="0" skipped="0" tests="16" time="22.098" timestamp="2026-01-19T21:59:36.902233+00:00" hostname="agent-env-0a0cd84c-01ff-49d9-9f18-4479ef67795b"><testcase classname="tests.test_blvx_iteration7.TestSetup" name="test_health_check" time="0.074" /><testcase classname="tests.test_blvx_iteration7.TestVouchSystem" name="test_get_my_plates" time="0.120" /><testcase classname="tests.test_blvx_iteration7.TestVouchSystem" name="test_create_plate" time="0.104" /><testcase classname="tests.test_blvx_iteration7.TestVouchSystem" name="test_redeem_invalid_plate" time="0.050" /><testcase classname="tests.test_blvx_iteration7.TestSidebarSystem" name="test_get_my_sidebars" time="0.089" /><testcase classname="tests.test_blvx_iteration7.TestSidebarSystem" name="test_create_sidebar_with_self_fails" time="0.071" /><testcase classname="tests.test_blvx_iteration7.TestSidebarSystem" name="test_create_sidebar_with_bonita" time="0.044" /><testcase classname="tests.test_blvx_iteration7.TestSparkSystem" name="test_get_spark_categories" time="0.081" /><testcase classname="tests.test_blvx_iteration7.TestSparkSystem" name="test_get_trending_news" time="3.014" /><testcase classname="tests.test_blvx_iteration7.TestSparkSystem" name="test_drop_spark_post" time="4.815" /><testcase classname="tests.test_blvx_iteration7.TestSparkSystem" name="test_auto_spark_generates_multiple_posts" time="13.116" /><testcase classname="tests.test_blvx_iteration7.TestFeedAndRefresh" name="test_get_feed" time="0.191" /><testcase classname="tests.test_blvx_iteration7.TestFeedAndRefresh" name="test_get_explore_feed" time="0.022" /><testcase classname="tests.test_blvx_iteration7.TestFeedAndRefresh" name="test_feed_refresh_returns_fresh_data" time="0.044" /><testcase classname="tests.test_blvx_iteration7.TestUserProfile" name="test_get_bonita_profile" time="0.119" /><testcase classname="tests.test_blvx_iteration7.TestUserProfile" name="test_get_current_user_profile" time="0.017" /></testsuite></testsuites>