<?xml version="1.0" encoding="utf-8"?><testsuites name="pytest tests"><testsuite name="pytest" errors="0" failures="0" skipped="0" tests="10" time="1.179" timestamp="2026-01-23T01:17:54.242051+00:00" hostname="agent-env-de360e57-67c0-412b-880b-b5f7300f80d9"><testcase classname="tests.test_dark_mode_apple.TestAppleConfig" name="test_apple_config_returns_valid_config" time="0.079" /><testcase classname="tests.test_dark_mode_apple.TestAppleCallbackEdgeCases" name="test_apple_callback_requires_id_token" time="0.036" /><testcase classname="tests.test_dark_mode_apple.TestAppleCallbackEdgeCases" name="test_apple_callback_handles_form_post" time="0.039" /><testcase classname="tests.test_dark_mode_apple.TestAppleCallbackEdgeCases" name="test_apple_callback_handles_error_response" time="0.038" /><testcase classname="tests.test_dark_mode_apple.TestHealthAndBasicEndpoints" name="test_health_endpoint" time="0.045" /><testcase classname="tests.test_dark_mode_apple.TestHealthAndBasicEndpoints" name="test_auth_me_requires_auth" time="0.035" /><testcase classname="tests.test_dark_mode_apple.TestEmailAuthFlow" name="test_signup_creates_user" time="0.335" /><testcase classname="tests.test_dark_mode_apple.TestEmailAuthFlow" name="test_login_returns_session_token" time="0.343" /><testcase classname="tests.test_dark_mode_apple.TestGoogleOAuth" name="test_session_endpoint_exists" time="0.038" /><testcase classname="tests.test_dark_mode_apple.TestGoogleOAuth" name="test_session_rejects_invalid_session" time="0.126" /></testsuite></testsuites>