<?xml version="1.0" encoding="utf-8"?><testsuites name="pytest tests"><testsuite name="pytest" errors="0" failures="1" skipped="0" tests="10" time="0.482" timestamp="2026-01-22T22:48:43.762158+00:00" hostname="agent-env-de360e57-67c0-412b-880b-b5f7300f80d9"><testcase classname="backend.tests.test_branding_launch.TestHealthAndBasics" name="test_api_health" time="0.064" /><testcase classname="backend.tests.test_branding_launch.TestSeedStarterPosts" name="test_seed_endpoint_exists" time="0.039" /><testcase classname="backend.tests.test_branding_launch.TestSeedStarterPosts" name="test_seed_returns_false_when_posts_exist" time="0.040" /><testcase classname="backend.tests.test_branding_launch.TestStaticAssets" name="test_manifest_json_accessible" time="0.039" /><testcase classname="backend.tests.test_branding_launch.TestStaticAssets" name="test_manifest_has_correct_icons" time="0.037" /><testcase classname="backend.tests.test_branding_launch.TestStaticAssets" name="test_index_html_has_og_tags" time="0.040" /><testcase classname="backend.tests.test_branding_launch.TestStaticAssets" name="test_index_html_has_twitter_cards" time="0.037" /><testcase classname="backend.tests.test_branding_launch.TestStaticAssets" name="test_index_html_has_manifest_link" time="0.036" /><testcase classname="backend.tests.test_branding_launch.TestStaticAssets" name="test_logo_asset_accessible" time="0.044" /><testcase classname="backend.tests.test_branding_launch.TestFeedEndpoint" name="test_feed_returns_posts" time="0.033"><failure message="assert 401 == 200&#10; +  where 401 = &lt;Response [401]&gt;.status_code">backend/tests/test_branding_launch.py:130: in test_feed_returns_posts
    assert response.status_code == 200
E   assert 401 == 200
E    +  where 401 = &lt;Response [401]&gt;.status_code</failure></testcase></testsuite></testsuites>