<?xml version="1.0" encoding="utf-8"?><testsuites name="pytest tests"><testsuite name="pytest" errors="0" failures="0" skipped="0" tests="9" time="3.174" timestamp="2026-01-21T07:05:57.556545+00:00" hostname="agent-env-0f162407-3b0b-4c9a-8c3f-32355c849ef4"><testcase classname="tests.test_forgot_password.TestForgotPasswordAPI" name="test_forgot_password_existing_user" time="0.361" /><testcase classname="tests.test_forgot_password.TestForgotPasswordAPI" name="test_forgot_password_nonexistent_user" time="0.040" /><testcase classname="tests.test_forgot_password.TestForgotPasswordAPI" name="test_forgot_password_invalid_email_format" time="0.038" /><testcase classname="tests.test_forgot_password.TestForgotPasswordAPI" name="test_reset_password_invalid_token" time="0.034" /><testcase classname="tests.test_forgot_password.TestForgotPasswordAPI" name="test_reset_password_short_password" time="0.035" /><testcase classname="tests.test_forgot_password.TestForgotPasswordAPI" name="test_forgot_password_google_oauth_user" time="0.042" /><testcase classname="tests.test_forgot_password.TestResetPasswordFlow" name="test_full_reset_flow_with_valid_token" time="0.960" /><testcase classname="tests.test_forgot_password.TestResetPasswordFlow" name="test_expired_token_rejected" time="0.724" /><testcase classname="tests.test_forgot_password.TestResetPasswordFlow" name="test_token_deleted_after_use" time="0.884" /></testsuite></testsuites>